<?xml version="1.0" encoding="UTF-8"?>
<!-- Generated by org.testng.reporters.JUnitReportReporter -->
<testsuite hostname="Вика-ПК" name="ru.st.selenium.LoginTest" tests="1" failures="0" timestamp="26 Mar 2016 18:53:39 GMT" time="24.145" errors="0">
  <testcase name="testUntitled" time="24.145" classname="ru.st.selenium.LoginTest"/>
</testsuite> <!-- ru.st.selenium.LoginTest -->
