<?xml version="1.0" encoding="UTF-8"?>
<!-- Generated by org.testng.reporters.JUnitReportReporter -->
<testsuite hostname="Вика-ПК" name="ru.st.selenium.HomePageTest" tests="2" failures="0" timestamp="23 Mar 2016 17:38:20 GMT" time="0.091" errors="0">
  <testcase name="testH1Existing" time="0.089" classname="ru.st.selenium.HomePageTest"/>
  <testcase name="test2" time="0.002" classname="ru.st.selenium.HomePageTest"/>
</testsuite> <!-- ru.st.selenium.HomePageTest -->
